2023-05-07 00:38:29.599 WARNING (SyncWorker_2) [homeassistant.loader] We found a custom integration hacs which has not been tested by Home Assistant. This component might cause stability problems, be sure to disable it if you experience issues with Home Assistant
2023-05-07 00:38:56.982 WARNING (MainThread) [homeassistant.components.netatmo] Webhook not registered - https and port 443 is required to register the webhook
2023-05-07 00:41:03.249 ERROR (MainThread) [homeassistant] Error doing job: protocol.resume_writing() failed
Traceback (most recent call last):
  File "/usr/local/lib/python3.10/asyncio/transports.py", line 300, in _maybe_resume_protocol
    self._protocol.resume_writing()
  File "/usr/local/lib/python3.10/asyncio/sslproto.py", line 522, in resume_writing
    self._app_protocol.resume_writing()
  File "/usr/local/lib/python3.10/site-packages/aiohttp/base_protocol.py", line 35, in resume_writing
    assert self._paused
AssertionError
2023-05-07 01:04:57.948 WARNING (MainThread) [xiaomi_ble.parser] Decryption failed: MAC check failed
2023-05-07 01:15:59.261 WARNING (MainThread) [xiaomi_ble.parser] Decryption failed: MAC check failed
2023-05-07 01:25:57.692 WARNING (MainThread) [xiaomi_ble.parser] Decryption failed: MAC check failed
2023-05-07 01:35:39.173 WARNING (MainThread) [xiaomi_ble.parser] Decryption failed: MAC check failed
2023-05-07 01:35:44.601 WARNING (MainThread) [xiaomi_ble.parser] Decryption failed: MAC check failed
2023-05-07 01:35:55.922 WARNING (MainThread) [xiaomi_ble.parser] Decryption failed: MAC check failed
2023-05-07 01:54:25.807 WARNING (Thread-2 (_thread_main)) [homeassistant.components.mqtt.client] Disconnected from MQTT server core-mosquitto:1883 (7)
2023-05-07 01:59:48.761 WARNING (MainThread) [xiaomi_ble.parser] Decryption failed: MAC check failed
2023-05-07 01:59:55.808 WARNING (MainThread) [xiaomi_ble.parser] Decryption failed: MAC check failed
2023-05-07 02:00:06.190 WARNING (MainThread) [xiaomi_ble.parser] Decryption failed: MAC check failed
2023-05-07 02:00:38.726 WARNING (MainThread) [xiaomi_ble.parser] Decryption failed: MAC check failed
2023-05-07 02:01:00.653 WARNING (MainThread) [xiaomi_ble.parser] Decryption failed: MAC check failed
2023-05-07 02:03:43.702 WARNING (MainThread) [xiaomi_ble.parser] Decryption failed: MAC check failed
2023-05-07 02:04:32.583 WARNING (MainThread) [xiaomi_ble.parser] Decryption failed: MAC check failed
2023-05-07 02:04:58.184 WARNING (MainThread) [xiaomi_ble.parser] Decryption failed: MAC check failed
2023-05-07 02:05:49.277 WARNING (MainThread) [xiaomi_ble.parser] Decryption failed: MAC check failed
2023-05-07 02:06:37.589 WARNING (MainThread) [xiaomi_ble.parser] Decryption failed: MAC check failed
2023-05-07 02:10:54.975 WARNING (MainThread) [xiaomi_ble.parser] Decryption failed: MAC check failed
2023-05-07 02:19:14.109 ERROR (MainThread) [homeassistant.components.websocket_api.http.connection] [548071730016] Torsten Brause from 185.107.56.129 (Mozilla/5.0 (Windows NT 10.0; Win64; x64) AppleWebKit/537.36 (KHTML, like Gecko) Chrome/112.0.0.0 Safari/537.36): Client unable to keep up with pending messages. Stayed over 1024 for 5 seconds. The system's load is too high or an integration is misbehaving
2023-05-07 02:20:53.276 WARNING (MainThread) [xiaomi_ble.parser] Decryption failed: MAC check failed
